2025-02-09 22:05:45,984 - __main__ - INFO - Команды бота установлены.
2025-02-09 22:08:59,257 - __main__ - INFO - Команды бота установлены.
2025-02-09 22:08:59,403 - __main__ - INFO - Бот запущен и готов к работе.
2025-02-09 22:10:34,776 - __main__ - INFO - Команды бота установлены.
2025-02-09 22:10:34,919 - __main__ - INFO - Бот запущен и готов к работе.
2025-02-09 22:10:42,069 - __main__ - INFO - Пользователь 1929408932 начал работу с ботом.
2025-02-09 22:10:57,776 - __main__ - INFO - Пользователь 1929408932 начал работу с ботом.
2025-02-09 22:11:19,372 - services.talk_about_all - INFO - Создан новый Thread: thread_AxoZNka87FbAi1lrBWb9hxRq
2025-02-09 22:11:20,141 - services.talk_about_all - INFO - Сообщение пользователя добавлено в Thread.
2025-02-09 22:11:20,489 - services.talk_about_all - ERROR - Ошибка при общении с ассистентом: Error code: 400 - {'error': {'message': "Invalid type for 'assistant_id': expected a string, but got null instead.", 'type': 'invalid_request_error', 'param': 'assistant_id', 'code': 'invalid_type'}}
2025-02-09 22:13:21,798 - __main__ - INFO - Команды бота установлены.
2025-02-09 22:13:21,944 - __main__ - INFO - Бот запущен и готов к работе.
2025-02-09 22:13:28,523 - __main__ - INFO - Пользователь 1929408932 начал работу с ботом.
2025-02-09 22:13:40,023 - services.talk_about_all - INFO - Создан новый Thread: thread_5BZu1pWLaApk35Z6vL2b9Qn4
2025-02-09 22:13:40,513 - services.talk_about_all - INFO - Сообщение пользователя добавлено в Thread.
2025-02-09 22:13:41,226 - services.talk_about_all - ERROR - Ошибка при общении с ассистентом: Error code: 400 - {'error': {'message': "Invalid type for 'assistant_id': expected a string, but got null instead.", 'type': 'invalid_request_error', 'param': 'assistant_id', 'code': 'invalid_type'}}
2025-02-09 22:23:44,175 - __main__ - INFO - Команды бота установлены.
2025-02-09 22:23:44,315 - __main__ - INFO - Бот запущен и готов к работе.
2025-02-09 22:23:55,022 - __main__ - INFO - Пользователь 1929408932 начал работу с ботом.
2025-02-09 22:24:27,914 - services.talk_about_all - INFO - Создан новый Thread: thread_tnopKpZa55E1ayKszuZdvnGk
2025-02-09 22:24:28,742 - services.talk_about_all - INFO - Сообщение пользователя добавлено в Thread.
2025-02-09 22:24:33,019 - services.talk_about_all - INFO - Run создан, статус: completed
2025-02-09 22:24:33,366 - services.talk_about_all - INFO - Получено сообщений: 2
2025-02-09 22:24:33,366 - services.talk_about_all - INFO - Ответ ассистента: Я не могу проверить погоду в реальном времени, но обычно в Дубае довольно тепло! Если сейчас зима, то температура может быть комфортной, около 20-25 градусов Цельсия. Летом же жара может достигать 40 градусов и выше. Рекомендую проверить местный прогноз погоды на сайте или в приложении! А как ты планируешь провести время в Дубае?
2025-02-09 22:25:27,736 - services.talk_about_all - INFO - Создан новый Thread: thread_mx8Udfc9AOGnNDlaUGAic1z6
2025-02-09 22:25:28,238 - services.talk_about_all - INFO - Сообщение пользователя добавлено в Thread.
2025-02-09 22:25:36,783 - services.talk_about_all - INFO - Run создан, статус: completed
2025-02-09 22:25:37,400 - services.talk_about_all - INFO - Получено сообщений: 2
2025-02-09 22:25:37,400 - services.talk_about_all - INFO - Ответ ассистента: Конечно! Давай приготовим вкусные блинчики с бананом и шоколадом. Это просто и очень вкусно! Вот тебе рецепт:

### Ингредиенты:

**Для блинчиков:**
- 1 стакан муки
- 1 стакан молока
- 2 яйца
- 2 ст. ложки сахара
- 1/2 ч. ложки соли
- 2 ст. ложки растительного масла (и немного для жарки)

**Для начинки:**
- 2 спелых банана
- Шоколад (по вкусу, можно использовать плитку или шоколадные капли)
- Орехи (по желанию, грецкие или фундук)

### Приготовление:

1. **Приготовь тесто для блинчиков:**
   - В глубокой миске смешай муку, молоко, яйца, сахар и соль. Взбей все венчиком до получения однородной массы. Если тесто получится слишком густым, добавь немного молока.

2. **Жарь блинчики:**
   - Разогрей сковороду на среднем огне и добавь немного растительного масла. 
   - Влей порцию теста и равномерно распредели по сковороде. Жарь блинчик до появления пузырьков, затем переверни и обжарь с другой стороны до золотистого цвета. Повтори с остальным тестом.

3. **Подготовь начинку:**
   - Нарежь бананы кружочками.
   - Если используешь шоколад в плитке, поломай его на небольшие кусочки.

4. **Собери блинчики:**
   - На готовый блинчик выложи немного бананов и шоколада. Если хочешь, можешь добавить орехи.
   - Сложи блинчик пополам или сверни в рулетик.

5. **Подавай:**
   - По желанию, можно посыпать блинчики сахаром, полить медом или шоколадным соусом.

### Приятного аппетита!

Надеюсь, блинчики получатся вкусными! Если есть вопросы по рецепту или ты хочешь что-то ещё, просто дай знать! 😊
2025-02-09 22:48:24,140 - __main__ - INFO - Команды бота установлены.
2025-02-09 22:48:24,275 - __main__ - INFO - Бот запущен и готов к работе.
2025-02-09 22:54:55,133 - __main__ - INFO - Команды бота установлены.
2025-02-09 22:54:55,275 - __main__ - INFO - Бот запущен и готов к работе.
2025-02-09 22:55:02,341 - __main__ - INFO - Пользователь 1929408932 начал работу с ботом.
2025-02-09 22:56:36,198 - __main__ - INFO - Команды бота установлены.
2025-02-09 22:56:36,333 - __main__ - INFO - Бот запущен и готов к работе.
2025-02-09 22:56:57,506 - __main__ - INFO - Пользователь 1929408932 начал работу с ботом.
2025-02-09 22:57:59,127 - __main__ - INFO - Команды бота установлены.
2025-02-09 22:57:59,265 - __main__ - INFO - Бот запущен и готов к работе.
2025-02-09 23:06:24,879 - __main__ - INFO - Команды бота установлены.
2025-02-09 23:06:25,015 - __main__ - INFO - Бот запущен и готов к работе.
2025-02-09 23:06:36,187 - __main__ - INFO - Пользователь 1929408932 начал работу с ботом.
2025-02-09 23:09:38,290 - __main__ - INFO - Команды бота установлены.
2025-02-09 23:09:38,427 - __main__ - INFO - Бот запущен и готов к работе.
2025-02-09 23:14:11,080 - __main__ - INFO - Команды бота установлены.
2025-02-09 23:14:11,215 - __main__ - INFO - Бот запущен и готов к работе.
2025-02-09 23:14:49,924 - __main__ - INFO - Пользователь 1929408932 начал работу с ботом.
2025-02-09 23:17:23,646 - __main__ - INFO - Команды бота установлены.
2025-02-09 23:17:23,782 - __main__ - INFO - Бот запущен и готов к работе.
